{"/Users/korede/verifi/v3/shared/interfaces/account/employee.interface.ts": {"path":"/Users/korede/verifi/v3/shared/interfaces/account/employee.interface.ts","statementMap":{"0":{"start":{"line":1,"column":0},"end":{"line":1,"column":43}},"1":{"start":{"line":7,"column":2},"end":{"line":7,"column":null}},"2":{"start":{"line":9,"column":2},"end":{"line":9,"column":null}},"3":{"start":{"line":5,"column":0},"end":{"line":5,"column":13}},"4":{"start":{"line":99,"column":0},"end":{"line":99,"column":null}},"5":{"start":{"line":100,"column":2},"end":{"line":100,"column":null}},"6":{"start":{"line":101,"column":2},"end":{"line":101,"column":null}},"7":{"start":{"line":104,"column":0},"end":{"line":104,"column":null}},"8":{"start":{"line":105,"column":2},"end":{"line":105,"column":null}},"9":{"start":{"line":106,"column":2},"end":{"line":106,"column":null}},"10":{"start":{"line":107,"column":2},"end":{"line":107,"column":null}},"11":{"start":{"line":110,"column":0},"end":{"line":110,"column":null}},"12":{"start":{"line":111,"column":2},"end":{"line":111,"column":null}},"13":{"start":{"line":112,"column":2},"end":{"line":112,"column":null}},"14":{"start":{"line":113,"column":2},"end":{"line":113,"column":null}},"15":{"start":{"line":114,"column":2},"end":{"line":114,"column":null}},"16":{"start":{"line":117,"column":0},"end":{"line":117,"column":null}},"17":{"start":{"line":118,"column":2},"end":{"line":118,"column":null}},"18":{"start":{"line":119,"column":2},"end":{"line":119,"column":null}},"19":{"start":{"line":120,"column":2},"end":{"line":120,"column":null}},"20":{"start":{"line":123,"column":0},"end":{"line":123,"column":null}},"21":{"start":{"line":124,"column":2},"end":{"line":124,"column":null}},"22":{"start":{"line":125,"column":2},"end":{"line":125,"column":null}},"23":{"start":{"line":126,"column":2},"end":{"line":126,"column":null}},"24":{"start":{"line":129,"column":0},"end":{"line":129,"column":null}},"25":{"start":{"line":130,"column":2},"end":{"line":130,"column":null}},"26":{"start":{"line":131,"column":2},"end":{"line":131,"column":null}},"27":{"start":{"line":132,"column":2},"end":{"line":132,"column":null}},"28":{"start":{"line":135,"column":0},"end":{"line":135,"column":null}},"29":{"start":{"line":136,"column":2},"end":{"line":136,"column":null}},"30":{"start":{"line":137,"column":2},"end":{"line":137,"column":null}},"31":{"start":{"line":140,"column":0},"end":{"line":140,"column":null}},"32":{"start":{"line":141,"column":2},"end":{"line":141,"column":null}},"33":{"start":{"line":142,"column":2},"end":{"line":142,"column":null}},"34":{"start":{"line":143,"column":2},"end":{"line":143,"column":null}},"35":{"start":{"line":144,"column":2},"end":{"line":144,"column":null}},"36":{"start":{"line":145,"column":2},"end":{"line":145,"column":null}},"37":{"start":{"line":146,"column":2},"end":{"line":146,"column":null}},"38":{"start":{"line":147,"column":2},"end":{"line":147,"column":null}},"39":{"start":{"line":148,"column":2},"end":{"line":148,"column":null}}},"fnMap":{"0":{"name":"(anonymous_1)","decl":{"start":{"line":99,"column":0},"end":{"line":99,"column":12}},"loc":{"start":{"line":99,"column":36},"end":{"line":102,"column":1}}},"1":{"name":"(anonymous_2)","decl":{"start":{"line":104,"column":0},"end":{"line":104,"column":12}},"loc":{"start":{"line":104,"column":31},"end":{"line":108,"column":1}}},"2":{"name":"(anonymous_3)","decl":{"start":{"line":110,"column":0},"end":{"line":110,"column":12}},"loc":{"start":{"line":110,"column":31},"end":{"line":115,"column":1}}},"3":{"name":"(anonymous_4)","decl":{"start":{"line":117,"column":0},"end":{"line":117,"column":12}},"loc":{"start":{"line":117,"column":33},"end":{"line":121,"column":1}}},"4":{"name":"(anonymous_5)","decl":{"start":{"line":123,"column":0},"end":{"line":123,"column":12}},"loc":{"start":{"line":123,"column":36},"end":{"line":127,"column":1}}},"5":{"name":"(anonymous_6)","decl":{"start":{"line":129,"column":0},"end":{"line":129,"column":12}},"loc":{"start":{"line":129,"column":22},"end":{"line":133,"column":1}}},"6":{"name":"(anonymous_7)","decl":{"start":{"line":135,"column":0},"end":{"line":135,"column":12}},"loc":{"start":{"line":135,"column":26},"end":{"line":138,"column":1}}},"7":{"name":"(anonymous_8)","decl":{"start":{"line":140,"column":0},"end":{"line":140,"column":12}},"loc":{"start":{"line":140,"column":33},"end":{"line":149,"column":1}}}},"branchMap":{"0":{"loc":{"start":{"line":99,"column":12},"end":{"line":99,"column":null}},"type":"binary-expr","locations":[{"start":{"line":99,"column":12},"end":{"line":99,"column":36}},{"start":{"line":99,"column":12},"end":{"line":99,"column":null}}]},"1":{"loc":{"start":{"line":104,"column":12},"end":{"line":104,"column":null}},"type":"binary-expr","locations":[{"start":{"line":104,"column":12},"end":{"line":104,"column":31}},{"start":{"line":104,"column":12},"end":{"line":104,"column":null}}]},"2":{"loc":{"start":{"line":110,"column":12},"end":{"line":110,"column":null}},"type":"binary-expr","locations":[{"start":{"line":110,"column":12},"end":{"line":110,"column":31}},{"start":{"line":110,"column":12},"end":{"line":110,"column":null}}]},"3":{"loc":{"start":{"line":117,"column":12},"end":{"line":117,"column":null}},"type":"binary-expr","locations":[{"start":{"line":117,"column":12},"end":{"line":117,"column":33}},{"start":{"line":117,"column":12},"end":{"line":117,"column":null}}]},"4":{"loc":{"start":{"line":123,"column":12},"end":{"line":123,"column":null}},"type":"binary-expr","locations":[{"start":{"line":123,"column":12},"end":{"line":123,"column":36}},{"start":{"line":123,"column":12},"end":{"line":123,"column":null}}]},"5":{"loc":{"start":{"line":129,"column":12},"end":{"line":129,"column":null}},"type":"binary-expr","locations":[{"start":{"line":129,"column":12},"end":{"line":129,"column":22}},{"start":{"line":129,"column":12},"end":{"line":129,"column":null}}]},"6":{"loc":{"start":{"line":135,"column":12},"end":{"line":135,"column":null}},"type":"binary-expr","locations":[{"start":{"line":135,"column":12},"end":{"line":135,"column":26}},{"start":{"line":135,"column":12},"end":{"line":135,"column":null}}]},"7":{"loc":{"start":{"line":140,"column":12},"end":{"line":140,"column":null}},"type":"binary-expr","locations":[{"start":{"line":140,"column":12},"end":{"line":140,"column":33}},{"start":{"line":140,"column":12},"end":{"line":140,"column":null}}]}},"s":{"0":1,"1":1,"2":1,"3":1,"4":1,"5":1,"6":1,"7":1,"8":1,"9":1,"10":1,"11":1,"12":1,"13":1,"14":1,"15":1,"16":1,"17":1,"18":1,"19":1,"20":1,"21":1,"22":1,"23":1,"24":1,"25":1,"26":1,"27":1,"28":1,"29":1,"30":1,"31":1,"32":1,"33":1,"34":1,"35":1,"36":1,"37":1,"38":1,"39":1},"f":{"0":1,"1":1,"2":1,"3":1,"4":1,"5":1,"6":1,"7":1},"b":{"0":[1,1],"1":[1,1],"2":[1,1],"3":[1,1],"4":[1,1],"5":[1,1],"6":[1,1],"7":[1,1]}}
,"/Users/korede/verifi/v3/shared/interfaces/payment/money.interface.ts": {"path":"/Users/korede/verifi/v3/shared/interfaces/payment/money.interface.ts","statementMap":{"0":{"start":{"line":1,"column":0},"end":{"line":1,"column":40}},"1":{"start":{"line":17,"column":4},"end":{"line":17,"column":47}},"2":{"start":{"line":21,"column":4},"end":{"line":21,"column":50}},"3":{"start":{"line":25,"column":4},"end":{"line":25,"column":55}},"4":{"start":{"line":29,"column":4},"end":{"line":29,"column":55}},"5":{"start":{"line":33,"column":4},"end":{"line":33,"column":53}},"6":{"start":{"line":58,"column":19},"end":{"line":58,"column":21}},"7":{"start":{"line":59,"column":4},"end":{"line":63,"column":null}},"8":{"start":{"line":60,"column":6},"end":{"line":60,"column":34}},"9":{"start":{"line":62,"column":6},"end":{"line":62,"column":67}},"10":{"start":{"line":62,"column":32},"end":{"line":62,"column":65}},"11":{"start":{"line":65,"column":4},"end":{"line":65,"column":45}},"12":{"start":{"line":66,"column":4},"end":{"line":72,"column":6}},"13":{"start":{"line":67,"column":39},"end":{"line":67,"column":60}},"14":{"start":{"line":77,"column":4},"end":{"line":80,"column":6}},"15":{"start":{"line":8,"column":0},"end":{"line":8,"column":13}}},"fnMap":{"0":{"name":"(anonymous_0)","decl":{"start":{"line":16,"column":2},"end":{"line":16,"column":8}},"loc":{"start":{"line":16,"column":36},"end":{"line":18,"column":3}}},"1":{"name":"(anonymous_1)","decl":{"start":{"line":20,"column":2},"end":{"line":20,"column":8}},"loc":{"start":{"line":20,"column":33},"end":{"line":22,"column":3}}},"2":{"name":"(anonymous_2)","decl":{"start":{"line":24,"column":2},"end":{"line":24,"column":8}},"loc":{"start":{"line":24,"column":33},"end":{"line":26,"column":3}}},"3":{"name":"(anonymous_3)","decl":{"start":{"line":28,"column":2},"end":{"line":28,"column":8}},"loc":{"start":{"line":28,"column":33},"end":{"line":30,"column":3}}},"4":{"name":"(anonymous_4)","decl":{"start":{"line":32,"column":2},"end":{"line":32,"column":8}},"loc":{"start":{"line":32,"column":33},"end":{"line":34,"column":3}}},"5":{"name":"(anonymous_5)","decl":{"start":{"line":56,"column":2},"end":{"line":56,"column":8}},"loc":{"start":{"line":56,"column":60},"end":{"line":73,"column":3}}},"6":{"name":"(anonymous_6)","decl":{"start":{"line":62,"column":26},"end":{"line":62,"column":27}},"loc":{"start":{"line":62,"column":32},"end":{"line":62,"column":65}}},"7":{"name":"(anonymous_7)","decl":{"start":{"line":67,"column":6},"end":{"line":67,"column":7}},"loc":{"start":{"line":67,"column":39},"end":{"line":67,"column":60}}},"8":{"name":"(anonymous_8)","decl":{"start":{"line":76,"column":2},"end":{"line":76,"column":8}},"loc":{"start":{"line":76,"column":26},"end":{"line":81,"column":3}}}},"branchMap":{"0":{"loc":{"start":{"line":59,"column":4},"end":{"line":63,"column":null}},"type":"if","locations":[{"start":{"line":59,"column":4},"end":{"line":63,"column":null}},{"start":{"line":61,"column":11},"end":{"line":63,"column":null}}]}},"s":{"0":1,"1":4,"2":2,"3":0,"4":0,"5":0,"6":2,"7":2,"8":0,"9":2,"10":2,"11":2,"12":2,"13":2,"14":2,"15":1},"f":{"0":4,"1":2,"2":0,"3":0,"4":0,"5":2,"6":2,"7":2,"8":2},"b":{"0":[0,2]}}
,"/Users/korede/verifi/v3/shared/services/upp/payroll.builder.ts": {"path":"/Users/korede/verifi/v3/shared/services/upp/payroll.builder.ts","statementMap":{"0":{"start":{"line":1,"column":0},"end":{"line":1,"column":40}},"1":{"start":{"line":2,"column":0},"end":{"line":2,"column":80}},"2":{"start":{"line":4,"column":0},"end":{"line":4,"column":71}},"3":{"start":{"line":30,"column":4},"end":{"line":30,"column":36}},"4":{"start":{"line":31,"column":4},"end":{"line":31,"column":42}},"5":{"start":{"line":32,"column":4},"end":{"line":32,"column":26}},"6":{"start":{"line":33,"column":4},"end":{"line":35,"column":6}},"7":{"start":{"line":43,"column":4},"end":{"line":43,"column":35}},"8":{"start":{"line":44,"column":4},"end":{"line":44,"column":16}},"9":{"start":{"line":53,"column":4},"end":{"line":53,"column":34}},"10":{"start":{"line":54,"column":4},"end":{"line":54,"column":16}},"11":{"start":{"line":63,"column":4},"end":{"line":63,"column":43}},"12":{"start":{"line":64,"column":4},"end":{"line":64,"column":34}},"13":{"start":{"line":65,"column":4},"end":{"line":65,"column":16}},"14":{"start":{"line":75,"column":4},"end":{"line":75,"column":30}},"15":{"start":{"line":76,"column":4},"end":{"line":76,"column":16}},"16":{"start":{"line":84,"column":4},"end":{"line":92,"column":6}},"17":{"start":{"line":87,"column":8},"end":{"line":90,"column":32}},"18":{"start":{"line":94,"column":4},"end":{"line":98,"column":6}},"19":{"start":{"line":106,"column":4},"end":{"line":106,"column":59}},"20":{"start":{"line":113,"column":4},"end":{"line":113,"column":42}},"21":{"start":{"line":113,"column":35},"end":{"line":113,"column":42}},"22":{"start":{"line":115,"column":4},"end":{"line":115,"column":28}},"23":{"start":{"line":117,"column":27},"end":{"line":117,"column":60}},"24":{"start":{"line":118,"column":4},"end":{"line":125,"column":null}},"25":{"start":{"line":119,"column":6},"end":{"line":119,"column":67}},"26":{"start":{"line":121,"column":6},"end":{"line":124,"column":8}},"27":{"start":{"line":127,"column":4},"end":{"line":134,"column":null}},"28":{"start":{"line":128,"column":6},"end":{"line":128,"column":76}},"29":{"start":{"line":130,"column":6},"end":{"line":133,"column":8}},"30":{"start":{"line":136,"column":4},"end":{"line":141,"column":null}},"31":{"start":{"line":137,"column":6},"end":{"line":138,"column":58}},"32":{"start":{"line":140,"column":6},"end":{"line":140,"column":70}},"33":{"start":{"line":143,"column":4},"end":{"line":148,"column":null}},"34":{"start":{"line":144,"column":6},"end":{"line":145,"column":62}},"35":{"start":{"line":147,"column":6},"end":{"line":147,"column":68}},"36":{"start":{"line":18,"column":0},"end":{"line":18,"column":13}}},"fnMap":{"0":{"name":"(anonymous_0)","decl":{"start":{"line":29,"column":2},"end":{"line":29,"column":14}},"loc":{"start":{"line":29,"column":34},"end":{"line":36,"column":3}}},"1":{"name":"(anonymous_1)","decl":{"start":{"line":42,"column":12},"end":{"line":42,"column":22}},"loc":{"start":{"line":42,"column":49},"end":{"line":45,"column":3}}},"2":{"name":"(anonymous_2)","decl":{"start":{"line":52,"column":12},"end":{"line":52,"column":22}},"loc":{"start":{"line":52,"column":49},"end":{"line":55,"column":3}}},"3":{"name":"(anonymous_3)","decl":{"start":{"line":62,"column":12},"end":{"line":62,"column":22}},"loc":{"start":{"line":62,"column":49},"end":{"line":66,"column":3}}},"4":{"name":"(anonymous_4)","decl":{"start":{"line":74,"column":12},"end":{"line":74,"column":22}},"loc":{"start":{"line":74,"column":49},"end":{"line":77,"column":3}}},"5":{"name":"(anonymous_5)","decl":{"start":{"line":83,"column":2},"end":{"line":83,"column":5}},"loc":{"start":{"line":83,"column":5},"end":{"line":99,"column":3}}},"6":{"name":"(anonymous_6)","decl":{"start":{"line":85,"column":25},"end":{"line":85,"column":26}},"loc":{"start":{"line":85,"column":56},"end":{"line":91,"column":7}}},"7":{"name":"(anonymous_7)","decl":{"start":{"line":105,"column":2},"end":{"line":105,"column":17}},"loc":{"start":{"line":105,"column":44},"end":{"line":107,"column":3}}},"8":{"name":"(anonymous_8)","decl":{"start":{"line":112,"column":2},"end":{"line":112,"column":16}},"loc":{"start":{"line":112,"column":43},"end":{"line":149,"column":3}}},"9":{"name":"(anonymous_9)","decl":{"start":{"line":158,"column":2},"end":{"line":158,"column":25}},"loc":{"start":{"line":158,"column":52},"end":{"line":160,"column":3}}},"10":{"name":"(anonymous_10)","decl":{"start":{"line":167,"column":2},"end":{"line":167,"column":12}},"loc":{"start":{"line":167,"column":39},"end":{"line":169,"column":3}}},"11":{"name":"(anonymous_11)","decl":{"start":{"line":176,"column":2},"end":{"line":176,"column":16}},"loc":{"start":{"line":176,"column":43},"end":{"line":178,"column":3}}}},"branchMap":{"0":{"loc":{"start":{"line":113,"column":4},"end":{"line":113,"column":42}},"type":"if","locations":[{"start":{"line":113,"column":4},"end":{"line":113,"column":42}}]},"1":{"loc":{"start":{"line":118,"column":4},"end":{"line":125,"column":null}},"type":"if","locations":[{"start":{"line":118,"column":4},"end":{"line":125,"column":null}}]},"2":{"loc":{"start":{"line":127,"column":4},"end":{"line":134,"column":null}},"type":"if","locations":[{"start":{"line":127,"column":4},"end":{"line":134,"column":null}}]},"3":{"loc":{"start":{"line":136,"column":4},"end":{"line":141,"column":null}},"type":"if","locations":[{"start":{"line":136,"column":4},"end":{"line":141,"column":null}}]},"4":{"loc":{"start":{"line":143,"column":4},"end":{"line":148,"column":null}},"type":"if","locations":[{"start":{"line":143,"column":4},"end":{"line":148,"column":null}}]}},"s":{"0":1,"1":1,"2":1,"3":2,"4":2,"5":2,"6":2,"7":2,"8":2,"9":2,"10":2,"11":2,"12":2,"13":2,"14":2,"15":2,"16":2,"17":2,"18":2,"19":2,"20":2,"21":1,"22":1,"23":1,"24":1,"25":1,"26":1,"27":1,"28":1,"29":1,"30":1,"31":1,"32":1,"33":1,"34":1,"35":1,"36":1},"f":{"0":2,"1":2,"2":2,"3":2,"4":2,"5":2,"6":2,"7":2,"8":2,"9":2,"10":2,"11":2},"b":{"0":[1],"1":[1],"2":[1],"3":[1],"4":[1]}}
,"/Users/korede/verifi/v3/shared/services/upp/payroll.director.ts": {"path":"/Users/korede/verifi/v3/shared/services/upp/payroll.director.ts","statementMap":{"0":{"start":{"line":1,"column":0},"end":{"line":1,"column":49}},"1":{"start":{"line":9,"column":4},"end":{"line":9,"column":42}},"2":{"start":{"line":7,"column":0},"end":{"line":7,"column":13}}},"fnMap":{"0":{"name":"(anonymous_0)","decl":{"start":{"line":8,"column":2},"end":{"line":8,"column":8}},"loc":{"start":{"line":8,"column":35},"end":{"line":10,"column":3}}}},"branchMap":{},"s":{"0":1,"1":2,"2":1},"f":{"0":2},"b":{}}
}
