TN:
SF:interfaces/account/employee.interface.ts
FN:99,(anonymous_1)
FN:104,(anonymous_2)
FN:110,(anonymous_3)
FN:117,(anonymous_4)
FN:123,(anonymous_5)
FN:129,(anonymous_6)
FN:135,(anonymous_7)
FN:140,(anonymous_8)
FNF:8
FNH:8
FNDA:1,(anonymous_1)
FNDA:1,(anonymous_2)
FNDA:1,(anonymous_3)
FNDA:1,(anonymous_4)
FNDA:1,(anonymous_5)
FNDA:1,(anonymous_6)
FNDA:1,(anonymous_7)
FNDA:1,(anonymous_8)
DA:1,1
DA:5,1
DA:7,1
DA:9,1
DA:99,1
DA:100,1
DA:101,1
DA:104,1
DA:105,1
DA:106,1
DA:107,1
DA:110,1
DA:111,1
DA:112,1
DA:113,1
DA:114,1
DA:117,1
DA:118,1
DA:119,1
DA:120,1
DA:123,1
DA:124,1
DA:125,1
DA:126,1
DA:129,1
DA:130,1
DA:131,1
DA:132,1
DA:135,1
DA:136,1
DA:137,1
DA:140,1
DA:141,1
DA:142,1
DA:143,1
DA:144,1
DA:145,1
DA:146,1
DA:147,1
DA:148,1
LF:40
LH:40
BRDA:99,0,0,1
BRDA:99,0,1,1
BRDA:104,1,0,1
BRDA:104,1,1,1
BRDA:110,2,0,1
BRDA:110,2,1,1
BRDA:117,3,0,1
BRDA:117,3,1,1
BRDA:123,4,0,1
BRDA:123,4,1,1
BRDA:129,5,0,1
BRDA:129,5,1,1
BRDA:135,6,0,1
BRDA:135,6,1,1
BRDA:140,7,0,1
BRDA:140,7,1,1
BRF:16
BRH:16
end_of_record
TN:
SF:interfaces/payment/money.interface.ts
FN:16,(anonymous_0)
FN:20,(anonymous_1)
FN:24,(anonymous_2)
FN:28,(anonymous_3)
FN:32,(anonymous_4)
FN:56,(anonymous_5)
FN:62,(anonymous_6)
FN:67,(anonymous_7)
FN:76,(anonymous_8)
FNF:9
FNH:6
FNDA:4,(anonymous_0)
FNDA:2,(anonymous_1)
FNDA:0,(anonymous_2)
FNDA:0,(anonymous_3)
FNDA:0,(anonymous_4)
FNDA:2,(anonymous_5)
FNDA:2,(anonymous_6)
FNDA:2,(anonymous_7)
FNDA:2,(anonymous_8)
DA:1,1
DA:8,1
DA:17,4
DA:21,2
DA:25,0
DA:29,0
DA:33,0
DA:58,2
DA:59,2
DA:60,0
DA:62,2
DA:65,2
DA:66,2
DA:67,2
DA:77,2
LF:15
LH:11
BRDA:59,0,0,0
BRDA:59,0,1,2
BRF:2
BRH:1
end_of_record
TN:
SF:services/upp/payroll.builder.ts
FN:29,(anonymous_0)
FN:42,(anonymous_1)
FN:52,(anonymous_2)
FN:62,(anonymous_3)
FN:74,(anonymous_4)
FN:83,(anonymous_5)
FN:85,(anonymous_6)
FN:105,(anonymous_7)
FN:112,(anonymous_8)
FN:158,(anonymous_9)
FN:167,(anonymous_10)
FN:176,(anonymous_11)
FNF:12
FNH:12
FNDA:2,(anonymous_0)
FNDA:2,(anonymous_1)
FNDA:2,(anonymous_2)
FNDA:2,(anonymous_3)
FNDA:2,(anonymous_4)
FNDA:2,(anonymous_5)
FNDA:2,(anonymous_6)
FNDA:2,(anonymous_7)
FNDA:2,(anonymous_8)
FNDA:2,(anonymous_9)
FNDA:2,(anonymous_10)
FNDA:2,(anonymous_11)
DA:1,1
DA:2,1
DA:4,1
DA:18,1
DA:30,2
DA:31,2
DA:32,2
DA:33,2
DA:43,2
DA:44,2
DA:53,2
DA:54,2
DA:63,2
DA:64,2
DA:65,2
DA:75,2
DA:76,2
DA:84,2
DA:87,2
DA:94,2
DA:106,2
DA:113,2
DA:115,1
DA:117,1
DA:118,1
DA:119,1
DA:121,1
DA:127,1
DA:128,1
DA:130,1
DA:136,1
DA:137,1
DA:140,1
DA:143,1
DA:144,1
DA:147,1
LF:36
LH:36
BRDA:113,0,0,1
BRDA:118,1,0,1
BRDA:127,2,0,1
BRDA:136,3,0,1
BRDA:143,4,0,1
BRF:5
BRH:5
end_of_record
TN:
SF:services/upp/payroll.director.ts
FN:8,(anonymous_0)
FNF:1
FNH:1
FNDA:2,(anonymous_0)
DA:1,1
DA:7,1
DA:9,2
LF:3
LH:3
BRF:0
BRH:0
end_of_record
